0 info it worked if it ends with ok
1 verbose cli [ '/usr/local/bin/node', '/usr/local/bin/npm', 'run', 'docs' ]
2 info using npm@3.10.10
3 info using node@v6.11.3
4 verbose run-script [ 'predocs', 'docs', 'postdocs' ]
5 info lifecycle study-notes@1.0.0~predocs: study-notes@1.0.0
6 silly lifecycle study-notes@1.0.0~predocs: no script for predocs, continuing
7 info lifecycle study-notes@1.0.0~docs: study-notes@1.0.0
8 verbose lifecycle study-notes@1.0.0~docs: unsafe-perm in lifecycle true
9 verbose lifecycle study-notes@1.0.0~docs: PATH: /usr/local/lib/node_modules/npm/bin/node-gyp-bin:/Users/rainy/Desktop/MyWork/Note/study-notes/node_modules/.bin:/usr/local/bin:/usr/bin:/bin:/usr/sbin:/sbin:/usr/local/go/bin:/Users/rainy/.rvm/bin
10 verbose lifecycle study-notes@1.0.0~docs: CWD: /Users/rainy/Desktop/MyWork/Note/study-notes
11 silly lifecycle study-notes@1.0.0~docs: Args: [ '-c', 'docsify serve docs' ]
12 silly lifecycle study-notes@1.0.0~docs: Returned: code: 1  signal: null
13 info lifecycle study-notes@1.0.0~docs: Failed to exec docs script
14 verbose stack Error: study-notes@1.0.0 docs: `docsify serve docs`
14 verbose stack Exit status 1
14 verbose stack     at EventEmitter.<anonymous> (/usr/local/lib/node_modules/npm/lib/utils/lifecycle.js:255:16)
14 verbose stack     at emitTwo (events.js:106:13)
14 verbose stack     at EventEmitter.emit (events.js:191:7)
14 verbose stack     at ChildProcess.<anonymous> (/usr/local/lib/node_modules/npm/lib/utils/spawn.js:40:14)
14 verbose stack     at emitTwo (events.js:106:13)
14 verbose stack     at ChildProcess.emit (events.js:191:7)
14 verbose stack     at maybeClose (internal/child_process.js:920:16)
14 verbose stack     at Process.ChildProcess._handle.onexit (internal/child_process.js:230:5)
15 verbose pkgid study-notes@1.0.0
16 verbose cwd /Users/rainy/Desktop/MyWork/Note/study-notes
17 error Darwin 18.0.0
18 error argv "/usr/local/bin/node" "/usr/local/bin/npm" "run" "docs"
19 error node v6.11.3
20 error npm  v3.10.10
21 error code ELIFECYCLE
22 error study-notes@1.0.0 docs: `docsify serve docs`
22 error Exit status 1
23 error Failed at the study-notes@1.0.0 docs script 'docsify serve docs'.
23 error Make sure you have the latest version of node.js and npm installed.
23 error If you do, this is most likely a problem with the study-notes package,
23 error not with npm itself.
23 error Tell the author that this fails on your system:
23 error     docsify serve docs
23 error You can get information on how to open an issue for this project with:
23 error     npm bugs study-notes
23 error Or if that isn't available, you can get their info via:
23 error     npm owner ls study-notes
23 error There is likely additional logging output above.
24 verbose exit [ 1, true ]
